#! /usr/local/iverilog/bin/vvp
:ivl_version "11.0 (devel)" "(s20150603-642-g3bdb50da)";
:ivl_delay_selection "TYPICAL";
:vpi_time_precision + 0;
:vpi_module "system";
:vpi_module "vhdl_sys";
:vpi_module "vhdl_textio";
:vpi_module "v2005_math";
:vpi_module "va_math";
S_0000000000f803c0 .scope module, "dut" "dut" 2 317;
 .timescale 0 0;
v0000000000ff7f70_0 .var "clock", 0 0;
v0000000000ff7930_0 .net "fet_out_dec_in", 31 0, v0000000000ff83d0_0;  1 drivers
v0000000000ff7bb0_0 .var "pc", 31 0;
v0000000000ff81f0_0 .net "pc_next", 31 0, L_0000000000ff8a10;  1 drivers
S_0000000000f4a8e0 .scope module, "dec" "decode" 2 340, 2 103 0, S_0000000000f803c0;
 .timescale 0 0;
    .port_info 0 /INPUT 1 "clock";
    .port_info 1 /INPUT 32 "pc";
    .port_info 2 /INPUT 32 "decode_in";
L_0000000000f7f5b0 .functor BUFZ 5, L_0000000000ff7110, C4<00000>, C4<00000>, C4<00000>;
v0000000000f7d7a0_0 .net *"_s13", 0 0, L_0000000000ff80b0;  1 drivers
v0000000000f7d0c0_0 .net *"_s14", 19 0, L_0000000000ff88d0;  1 drivers
v0000000000f7d8e0_0 .net *"_s17", 11 0, L_0000000000ff7ed0;  1 drivers
v0000000000f7c4e0_0 .net *"_s21", 0 0, L_0000000000ff8d30;  1 drivers
v0000000000f7d5c0_0 .net *"_s22", 19 0, L_0000000000ff8510;  1 drivers
v0000000000f7d3e0_0 .net *"_s25", 6 0, L_0000000000ff8ab0;  1 drivers
v0000000000f7d2a0_0 .net *"_s27", 4 0, L_0000000000ff8b50;  1 drivers
v0000000000f7cee0_0 .net *"_s31", 0 0, L_0000000000ff7890;  1 drivers
v0000000000f7d160_0 .net *"_s32", 11 0, L_0000000000ff7c50;  1 drivers
v0000000000f7d660_0 .net *"_s35", 19 0, L_0000000000ff8290;  1 drivers
v0000000000f7db60_0 .net *"_s41", 0 0, L_0000000000ff7750;  1 drivers
v0000000000f7dca0_0 .net *"_s42", 18 0, L_0000000000ff7cf0;  1 drivers
v0000000000f7cda0_0 .net *"_s45", 0 0, L_0000000000ff86f0;  1 drivers
v0000000000f7c760_0 .net *"_s47", 0 0, L_0000000000ff7610;  1 drivers
v0000000000f7d340_0 .net *"_s49", 5 0, L_0000000000ff8790;  1 drivers
v0000000000f7c940_0 .net *"_s51", 3 0, L_0000000000ff8dd0;  1 drivers
L_00000000010d0160 .functor BUFT 1, C4<0>, C4<0>, C4<0>, C4<0>;
v0000000000f7d480_0 .net/2u *"_s52", 0 0, L_00000000010d0160;  1 drivers
v0000000000f7de80_0 .net *"_s54", 31 0, L_0000000000ff8f10;  1 drivers
v0000000000f7d520_0 .net *"_s59", 0 0, L_0000000000ff7070;  1 drivers
v0000000000f7d700_0 .net *"_s60", 10 0, L_0000000000ff71b0;  1 drivers
v0000000000f7c9e0_0 .net *"_s63", 0 0, L_0000000000ff72f0;  1 drivers
v0000000000f7c080_0 .net *"_s65", 7 0, L_0000000000ff7430;  1 drivers
v0000000000f7d840_0 .net *"_s67", 0 0, L_0000000001128c30;  1 drivers
v0000000000f7c6c0_0 .net *"_s69", 9 0, L_0000000001129a90;  1 drivers
L_00000000010d01a8 .functor BUFT 1, C4<0>, C4<0>, C4<0>, C4<0>;
v0000000000f7cd00_0 .net/2u *"_s70", 0 0, L_00000000010d01a8;  1 drivers
v0000000000f7d980_0 .net *"_s72", 31 0, L_0000000001129c70;  1 drivers
v0000000000f7dac0_0 .net/s "addr_b", 31 0, L_0000000000ff8150;  1 drivers
v0000000000f7d200_0 .net/s "addr_j", 31 0, L_0000000001129b30;  1 drivers
v0000000000f7cb20_0 .net "clock", 0 0, v0000000000ff7f70_0;  1 drivers
v0000000000f7dd40_0 .net "decode_in", 31 0, v0000000000ff83d0_0;  alias, 1 drivers
v0000000000f7cf80_0 .net "funct3", 2 0, L_0000000000ff8830;  1 drivers
v0000000000f7dde0_0 .net "funct7", 6 0, L_0000000000ff8bf0;  1 drivers
v0000000000f7bfe0_0 .net/s "imm_i", 31 0, L_0000000000ff8650;  1 drivers
v0000000000f7c120_0 .net/s "imm_s", 31 0, L_0000000000ff77f0;  1 drivers
v0000000000f7c1c0_0 .net/s "imm_u", 31 0, L_0000000000ff85b0;  1 drivers
v0000000000f7cbc0_0 .net "opcode", 6 0, L_0000000000ff7250;  1 drivers
v0000000000f7c300_0 .net "pc", 31 0, v0000000000ff7bb0_0;  1 drivers
v0000000000f7c620_0 .net "rd", 4 0, L_0000000000ff8c90;  1 drivers
v0000000000f7c3a0_0 .net "rs1", 4 0, L_0000000000ff8330;  1 drivers
v0000000000f7c440_0 .net "rs2", 4 0, L_0000000000ff7110;  1 drivers
v0000000000f7c580_0 .net "shamt", 4 0, L_0000000000f7f5b0;  1 drivers
E_0000000000f9b040 .event edge, v0000000000f7dd40_0;
L_0000000000ff7250 .part v0000000000ff83d0_0, 0, 7;
L_0000000000ff8830 .part v0000000000ff83d0_0, 12, 3;
L_0000000000ff8bf0 .part v0000000000ff83d0_0, 25, 7;
L_0000000000ff8c90 .part v0000000000ff83d0_0, 7, 5;
L_0000000000ff8330 .part v0000000000ff83d0_0, 15, 5;
L_0000000000ff7110 .part v0000000000ff83d0_0, 20, 5;
L_0000000000ff80b0 .part v0000000000ff83d0_0, 31, 1;
LS_0000000000ff88d0_0_0 .concat [ 1 1 1 1], L_0000000000ff80b0, L_0000000000ff80b0, L_0000000000ff80b0, L_0000000000ff80b0;
LS_0000000000ff88d0_0_4 .concat [ 1 1 1 1], L_0000000000ff80b0, L_0000000000ff80b0, L_0000000000ff80b0, L_0000000000ff80b0;
LS_0000000000ff88d0_0_8 .concat [ 1 1 1 1], L_0000000000ff80b0, L_0000000000ff80b0, L_0000000000ff80b0, L_0000000000ff80b0;
LS_0000000000ff88d0_0_12 .concat [ 1 1 1 1], L_0000000000ff80b0, L_0000000000ff80b0, L_0000000000ff80b0, L_0000000000ff80b0;
LS_0000000000ff88d0_0_16 .concat [ 1 1 1 1], L_0000000000ff80b0, L_0000000000ff80b0, L_0000000000ff80b0, L_0000000000ff80b0;
LS_0000000000ff88d0_1_0 .concat [ 4 4 4 4], LS_0000000000ff88d0_0_0, LS_0000000000ff88d0_0_4, LS_0000000000ff88d0_0_8, LS_0000000000ff88d0_0_12;
LS_0000000000ff88d0_1_4 .concat [ 4 0 0 0], LS_0000000000ff88d0_0_16;
L_0000000000ff88d0 .concat [ 16 4 0 0], LS_0000000000ff88d0_1_0, LS_0000000000ff88d0_1_4;
L_0000000000ff7ed0 .part v0000000000ff83d0_0, 20, 12;
L_0000000000ff8650 .concat [ 12 20 0 0], L_0000000000ff7ed0, L_0000000000ff88d0;
L_0000000000ff8d30 .part v0000000000ff83d0_0, 31, 1;
LS_0000000000ff8510_0_0 .concat [ 1 1 1 1], L_0000000000ff8d30, L_0000000000ff8d30, L_0000000000ff8d30, L_0000000000ff8d30;
LS_0000000000ff8510_0_4 .concat [ 1 1 1 1], L_0000000000ff8d30, L_0000000000ff8d30, L_0000000000ff8d30, L_0000000000ff8d30;
LS_0000000000ff8510_0_8 .concat [ 1 1 1 1], L_0000000000ff8d30, L_0000000000ff8d30, L_0000000000ff8d30, L_0000000000ff8d30;
LS_0000000000ff8510_0_12 .concat [ 1 1 1 1], L_0000000000ff8d30, L_0000000000ff8d30, L_0000000000ff8d30, L_0000000000ff8d30;
LS_0000000000ff8510_0_16 .concat [ 1 1 1 1], L_0000000000ff8d30, L_0000000000ff8d30, L_0000000000ff8d30, L_0000000000ff8d30;
LS_0000000000ff8510_1_0 .concat [ 4 4 4 4], LS_0000000000ff8510_0_0, LS_0000000000ff8510_0_4, LS_0000000000ff8510_0_8, LS_0000000000ff8510_0_12;
LS_0000000000ff8510_1_4 .concat [ 4 0 0 0], LS_0000000000ff8510_0_16;
L_0000000000ff8510 .concat [ 16 4 0 0], LS_0000000000ff8510_1_0, LS_0000000000ff8510_1_4;
L_0000000000ff8ab0 .part v0000000000ff83d0_0, 25, 7;
L_0000000000ff8b50 .part v0000000000ff83d0_0, 7, 5;
L_0000000000ff77f0 .concat [ 5 7 20 0], L_0000000000ff8b50, L_0000000000ff8ab0, L_0000000000ff8510;
L_0000000000ff7890 .part v0000000000ff83d0_0, 31, 1;
LS_0000000000ff7c50_0_0 .concat [ 1 1 1 1], L_0000000000ff7890, L_0000000000ff7890, L_0000000000ff7890, L_0000000000ff7890;
LS_0000000000ff7c50_0_4 .concat [ 1 1 1 1], L_0000000000ff7890, L_0000000000ff7890, L_0000000000ff7890, L_0000000000ff7890;
LS_0000000000ff7c50_0_8 .concat [ 1 1 1 1], L_0000000000ff7890, L_0000000000ff7890, L_0000000000ff7890, L_0000000000ff7890;
L_0000000000ff7c50 .concat [ 4 4 4 0], LS_0000000000ff7c50_0_0, LS_0000000000ff7c50_0_4, LS_0000000000ff7c50_0_8;
L_0000000000ff8290 .part v0000000000ff83d0_0, 12, 20;
L_0000000000ff85b0 .concat [ 20 12 0 0], L_0000000000ff8290, L_0000000000ff7c50;
L_0000000000ff7750 .part v0000000000ff83d0_0, 31, 1;
LS_0000000000ff7cf0_0_0 .concat [ 1 1 1 1], L_0000000000ff7750, L_0000000000ff7750, L_0000000000ff7750, L_0000000000ff7750;
LS_0000000000ff7cf0_0_4 .concat [ 1 1 1 1], L_0000000000ff7750, L_0000000000ff7750, L_0000000000ff7750, L_0000000000ff7750;
LS_0000000000ff7cf0_0_8 .concat [ 1 1 1 1], L_0000000000ff7750, L_0000000000ff7750, L_0000000000ff7750, L_0000000000ff7750;
LS_0000000000ff7cf0_0_12 .concat [ 1 1 1 1], L_0000000000ff7750, L_0000000000ff7750, L_0000000000ff7750, L_0000000000ff7750;
LS_0000000000ff7cf0_0_16 .concat [ 1 1 1 0], L_0000000000ff7750, L_0000000000ff7750, L_0000000000ff7750;
LS_0000000000ff7cf0_1_0 .concat [ 4 4 4 4], LS_0000000000ff7cf0_0_0, LS_0000000000ff7cf0_0_4, LS_0000000000ff7cf0_0_8, LS_0000000000ff7cf0_0_12;
LS_0000000000ff7cf0_1_4 .concat [ 3 0 0 0], LS_0000000000ff7cf0_0_16;
L_0000000000ff7cf0 .concat [ 16 3 0 0], LS_0000000000ff7cf0_1_0, LS_0000000000ff7cf0_1_4;
L_0000000000ff86f0 .part v0000000000ff83d0_0, 31, 1;
L_0000000000ff7610 .part v0000000000ff83d0_0, 7, 1;
L_0000000000ff8790 .part v0000000000ff83d0_0, 25, 6;
L_0000000000ff8dd0 .part v0000000000ff83d0_0, 8, 4;
LS_0000000000ff8f10_0_0 .concat [ 1 4 6 1], L_00000000010d0160, L_0000000000ff8dd0, L_0000000000ff8790, L_0000000000ff7610;
LS_0000000000ff8f10_0_4 .concat [ 1 19 0 0], L_0000000000ff86f0, L_0000000000ff7cf0;
L_0000000000ff8f10 .concat [ 12 20 0 0], LS_0000000000ff8f10_0_0, LS_0000000000ff8f10_0_4;
L_0000000000ff8150 .arith/sum 32, v0000000000ff7bb0_0, L_0000000000ff8f10;
L_0000000000ff7070 .part v0000000000ff83d0_0, 31, 1;
LS_0000000000ff71b0_0_0 .concat [ 1 1 1 1], L_0000000000ff7070, L_0000000000ff7070, L_0000000000ff7070, L_0000000000ff7070;
LS_0000000000ff71b0_0_4 .concat [ 1 1 1 1], L_0000000000ff7070, L_0000000000ff7070, L_0000000000ff7070, L_0000000000ff7070;
LS_0000000000ff71b0_0_8 .concat [ 1 1 1 0], L_0000000000ff7070, L_0000000000ff7070, L_0000000000ff7070;
L_0000000000ff71b0 .concat [ 4 4 3 0], LS_0000000000ff71b0_0_0, LS_0000000000ff71b0_0_4, LS_0000000000ff71b0_0_8;
L_0000000000ff72f0 .part v0000000000ff83d0_0, 31, 1;
L_0000000000ff7430 .part v0000000000ff83d0_0, 12, 8;
L_0000000001128c30 .part v0000000000ff83d0_0, 20, 1;
L_0000000001129a90 .part v0000000000ff83d0_0, 21, 10;
LS_0000000001129c70_0_0 .concat [ 1 10 1 8], L_00000000010d01a8, L_0000000001129a90, L_0000000001128c30, L_0000000000ff7430;
LS_0000000001129c70_0_4 .concat [ 1 11 0 0], L_0000000000ff72f0, L_0000000000ff71b0;
L_0000000001129c70 .concat [ 20 12 0 0], LS_0000000001129c70_0_0, LS_0000000001129c70_0_4;
L_0000000001129b30 .arith/sum 32, v0000000000ff7bb0_0, L_0000000001129c70;
S_0000000000f4eaf0 .scope module, "fet" "fetch" 2 333, 2 75 0, S_0000000000f803c0;
 .timescale 0 0;
    .port_info 0 /INPUT 1 "clock";
    .port_info 1 /INPUT 1 "fetch_en";
    .port_info 2 /INPUT 32 "pc_in";
    .port_info 3 /OUTPUT 32 "pc_out";
    .port_info 4 /OUTPUT 32 "fetch_out";
L_00000000010d01f0 .functor BUFT 1, C4<11111111111111111111111111111111>, C4<0>, C4<0>, C4<0>;
L_00000000010d0088 .functor BUFT 1, C4<00000000000000000000000000000100>, C4<0>, C4<0>, C4<0>;
L_0000000000f7fa10 .functor AND 32, L_00000000010d01f0, L_00000000010d0088, C4<11111111111111111111111111111111>, C4<11111111111111111111111111111111>;
L_00000000010d0118 .functor BUFT 1, C4<1>, C4<0>, C4<0>, C4<0>;
L_0000000000f7f460 .functor NOT 1, L_00000000010d0118, C4<0>, C4<0>, C4<0>;
v0000000000ff7a70_0 .net *"_s0", 31 0, L_00000000010d01f0;  1 drivers
v0000000000ff7e30_0 .net/2u *"_s2", 31 0, L_00000000010d0088;  1 drivers
v0000000000ff8470_0 .net *"_s4", 31 0, L_0000000000f7fa10;  1 drivers
v0000000000ff7d90_0 .net "clock", 0 0, v0000000000ff7f70_0;  alias, 1 drivers
v0000000000ff8010_0 .net "fetch_en", 0 0, L_00000000010d0118;  1 drivers
v0000000000ff76b0_0 .net "fetch_out", 31 0, v0000000000ff83d0_0;  alias, 1 drivers
v0000000000ff7b10_0 .net "pc_in", 31 0, v0000000000ff7bb0_0;  alias, 1 drivers
v0000000000ff8e70_0 .net "pc_out", 31 0, L_0000000000ff8a10;  alias, 1 drivers
L_0000000000ff8a10 .arith/sum 32, v0000000000ff7bb0_0, L_0000000000f7fa10;
S_0000000000f4ec80 .scope module, "mem" "mainmem" 2 91, 2 16 0, S_0000000000f4eaf0;
 .timescale 0 0;
    .port_info 0 /INPUT 1 "clock";
    .port_info 1 /INPUT 32 "address";
    .port_info 2 /INPUT 32 "data_in";
    .port_info 3 /OUTPUT 32 "data_out";
    .port_info 4 /INPUT 1 "read_write";
v0000000000f7cc60_0 .net "address", 31 0, v0000000000ff7bb0_0;  alias, 1 drivers
v0000000000f7ce40_0 .net "clock", 0 0, v0000000000ff7f70_0;  alias, 1 drivers
L_00000000010d00d0 .functor BUFT 1, C4<xxxxxxxxxxxxxxxxxxxxxxxxxxxxxxxx>, C4<0>, C4<0>, C4<0>;
v0000000000ff7570_0 .net "data_in", 31 0, L_00000000010d00d0;  1 drivers
v0000000000ff83d0_0 .var "data_out", 31 0;
v0000000000ff79d0_0 .var/i "i", 31 0;
v0000000000ff7390 .array "mem", 1048575 0, 7 0;
v0000000000ff74d0_0 .net "read_write", 0 0, L_0000000000f7f460;  1 drivers
v0000000000ff8970 .array "tmp_mem", 262143 0, 31 0;
E_0000000000f9b4c0 .event posedge, v0000000000f7cb20_0;
E_0000000000f9b3c0 .event edge, v0000000000ff74d0_0, v0000000000f7c300_0, v0000000000f7cb20_0;
    .scope S_0000000000f4ec80;
T_0 ;
    %wait E_0000000000f9b3c0;
    %load/vec4 v0000000000ff74d0_0;
    %pad/u 32;
    %cmpi/e 0, 0, 32;
    %jmp/0xz  T_0.0, 4;
    %load/vec4 v0000000000f7cc60_0;
    %pad/u 34;
    %pushi/vec4 4290772992, 0, 32;
    %concati/vec4 3, 0, 2;
    %add;
    %ix/vec4 4;
    %load/vec4a v0000000000ff7390, 4;
    %load/vec4 v0000000000f7cc60_0;
    %pad/u 34;
    %pushi/vec4 4290772992, 0, 32;
    %concati/vec4 2, 0, 2;
    %add;
    %ix/vec4 4;
    %load/vec4a v0000000000ff7390, 4;
    %concat/vec4; draw_concat_vec4
    %load/vec4 v0000000000f7cc60_0;
    %pad/u 34;
    %pushi/vec4 4290772992, 0, 32;
    %concati/vec4 1, 0, 2;
    %add;
    %ix/vec4 4;
    %load/vec4a v0000000000ff7390, 4;
    %concat/vec4; draw_concat_vec4
    %load/vec4 v0000000000f7cc60_0;
    %pad/u 33;
    %subi 16777216, 0, 33;
    %ix/vec4 4;
    %load/vec4a v0000000000ff7390, 4;
    %concat/vec4; draw_concat_vec4
    %assign/vec4 v0000000000ff83d0_0, 0;
    %jmp T_0.1;
T_0.0 ;
    %pushi/vec4 4294967295, 4294967295, 32;
    %assign/vec4 v0000000000ff83d0_0, 0;
T_0.1 ;
    %jmp T_0;
    .thread T_0, $push;
    .scope S_0000000000f4ec80;
T_1 ;
    %wait E_0000000000f9b4c0;
    %load/vec4 v0000000000ff74d0_0;
    %pad/u 32;
    %cmpi/e 1, 0, 32;
    %jmp/0xz  T_1.0, 4;
    %load/vec4 v0000000000ff7570_0;
    %parti/s 8, 24, 6;
    %load/vec4 v0000000000f7cc60_0;
    %pad/u 34;
    %pushi/vec4 4290772992, 0, 32;
    %concati/vec4 3, 0, 2;
    %add;
    %ix/vec4 3;
    %ix/load 4, 0, 0; Constant delay
    %assign/vec4/a/d v0000000000ff7390, 0, 4;
    %load/vec4 v0000000000ff7570_0;
    %parti/s 8, 16, 6;
    %load/vec4 v0000000000f7cc60_0;
    %pad/u 34;
    %pushi/vec4 4290772992, 0, 32;
    %concati/vec4 2, 0, 2;
    %add;
    %ix/vec4 3;
    %ix/load 4, 0, 0; Constant delay
    %assign/vec4/a/d v0000000000ff7390, 0, 4;
    %load/vec4 v0000000000ff7570_0;
    %parti/s 8, 8, 5;
    %load/vec4 v0000000000f7cc60_0;
    %pad/u 34;
    %pushi/vec4 4290772992, 0, 32;
    %concati/vec4 1, 0, 2;
    %add;
    %ix/vec4 3;
    %ix/load 4, 0, 0; Constant delay
    %assign/vec4/a/d v0000000000ff7390, 0, 4;
    %load/vec4 v0000000000ff7570_0;
    %parti/s 8, 0, 2;
    %load/vec4 v0000000000f7cc60_0;
    %pad/u 33;
    %subi 16777216, 0, 33;
    %ix/vec4 3;
    %ix/load 4, 0, 0; Constant delay
    %assign/vec4/a/d v0000000000ff7390, 0, 4;
T_1.0 ;
    %jmp T_1;
    .thread T_1;
    .scope S_0000000000f4ec80;
T_2 ;
    %vpi_call 2 58 "$readmemh", "../../rv32-benchmarks-master/simple-programs/SumArray.x", v0000000000ff8970 {0 0 0};
    %pushi/vec4 0, 0, 32;
    %store/vec4 v0000000000ff79d0_0, 0, 32;
T_2.0 ;
    %ix/getv/s 4, v0000000000ff79d0_0;
    %load/vec4a v0000000000ff8970, 4;
    %cmpi/ne 4294967295, 4294967295, 32;
    %jmp/0xz T_2.1, 6;
    %ix/getv/s 4, v0000000000ff79d0_0;
    %load/vec4a v0000000000ff8970, 4;
    %parti/s 8, 24, 6;
    %load/vec4 v0000000000ff79d0_0;
    %pad/s 65;
    %muli 4, 0, 65;
    %addi 3, 0, 65;
    %ix/vec4/s 3;
    %ix/load 4, 0, 0; Constant delay
    %assign/vec4/a/d v0000000000ff7390, 0, 4;
    %ix/getv/s 4, v0000000000ff79d0_0;
    %load/vec4a v0000000000ff8970, 4;
    %parti/s 8, 16, 6;
    %load/vec4 v0000000000ff79d0_0;
    %pad/s 65;
    %muli 4, 0, 65;
    %addi 2, 0, 65;
    %ix/vec4/s 3;
    %ix/load 4, 0, 0; Constant delay
    %assign/vec4/a/d v0000000000ff7390, 0, 4;
    %ix/getv/s 4, v0000000000ff79d0_0;
    %load/vec4a v0000000000ff8970, 4;
    %parti/s 8, 8, 5;
    %load/vec4 v0000000000ff79d0_0;
    %pad/s 65;
    %muli 4, 0, 65;
    %addi 1, 0, 65;
    %ix/vec4/s 3;
    %ix/load 4, 0, 0; Constant delay
    %assign/vec4/a/d v0000000000ff7390, 0, 4;
    %ix/getv/s 4, v0000000000ff79d0_0;
    %load/vec4a v0000000000ff8970, 4;
    %parti/s 8, 0, 2;
    %load/vec4 v0000000000ff79d0_0;
    %pad/s 64;
    %muli 4, 0, 64;
    %ix/vec4/s 3;
    %ix/load 4, 0, 0; Constant delay
    %assign/vec4/a/d v0000000000ff7390, 0, 4;
    ; show_stmt_assign_vector: Get l-value for compressed += operand
    %load/vec4 v0000000000ff79d0_0;
    %pushi/vec4 1, 0, 32;
    %add;
    %store/vec4 v0000000000ff79d0_0, 0, 32;
    %jmp T_2.0;
T_2.1 ;
    %end;
    .thread T_2;
    .scope S_0000000000f4eaf0;
T_3 ;
    %vpi_call 2 85 "$dumpfile", "fetch-decode-SumArray.vcd" {0 0 0};
    %vpi_call 2 86 "$dumpvars", 32'sb00000000000000000000000000000000, S_0000000000f4ec80 {0 0 0};
    %end;
    .thread T_3;
    .scope S_0000000000f4a8e0;
T_4 ;
    %wait E_0000000000f9b040;
    %delay 1, 0;
    %load/vec4 v0000000000f7cbc0_0;
    %cmpi/e 55, 0, 7;
    %jmp/0xz  T_4.0, 4;
    %delay 1, 0;
    %vpi_call 2 151 "$display", "pc: 0x%8h\011instr: 0x%8h\011lui\011x%0d, 0x%0h", v0000000000f7c300_0, v0000000000f7dd40_0, v0000000000f7c620_0, v0000000000f7c1c0_0 {0 0 0};
    %jmp T_4.1;
T_4.0 ;
    %load/vec4 v0000000000f7cbc0_0;
    %cmpi/e 23, 0, 7;
    %jmp/0xz  T_4.2, 4;
    %delay 1, 0;
    %vpi_call 2 155 "$display", "pc: 0x%8h\011instr: 0x%8h\011auipc\011x%0d, 0x%0h", v0000000000f7c300_0, v0000000000f7dd40_0, v0000000000f7c620_0, v0000000000f7c1c0_0 {0 0 0};
    %jmp T_4.3;
T_4.2 ;
    %load/vec4 v0000000000f7cbc0_0;
    %cmpi/e 111, 0, 7;
    %jmp/0xz  T_4.4, 4;
    %delay 1, 0;
    %vpi_call 2 159 "$display", "pc: 0x%8h\011instr: 0x%8h\011jal\011x%0d, 0x%8h", v0000000000f7c300_0, v0000000000f7dd40_0, v0000000000f7c620_0, v0000000000f7d200_0 {0 0 0};
    %jmp T_4.5;
T_4.4 ;
    %load/vec4 v0000000000f7cbc0_0;
    %cmpi/e 103, 0, 7;
    %jmp/0xz  T_4.6, 4;
    %delay 1, 0;
    %vpi_call 2 164 "$display", "pc: 0x%8h\011instr: 0x%8h\011jalr\011x%0d, %0d(x%0d)", v0000000000f7c300_0, v0000000000f7dd40_0, v0000000000f7c620_0, v0000000000f7bfe0_0, v0000000000f7c3a0_0 {0 0 0};
    %jmp T_4.7;
T_4.6 ;
    %load/vec4 v0000000000f7cbc0_0;
    %cmpi/e 99, 0, 7;
    %jmp/0xz  T_4.8, 4;
    %load/vec4 v0000000000f7cf80_0;
    %cmpi/e 0, 0, 3;
    %jmp/0xz  T_4.10, 4;
    %delay 1, 0;
    %vpi_call 2 169 "$display", "pc: 0x%8h\011instr: 0x%8h\011beq\011x%0d, x%0d, 0x%8h", v0000000000f7c300_0, v0000000000f7dd40_0, v0000000000f7c3a0_0, v0000000000f7c440_0, v0000000000f7dac0_0 {0 0 0};
    %jmp T_4.11;
T_4.10 ;
    %load/vec4 v0000000000f7cf80_0;
    %cmpi/e 1, 0, 3;
    %jmp/0xz  T_4.12, 4;
    %delay 1, 0;
    %vpi_call 2 172 "$display", "pc: 0x%8h\011instr: 0x%8h\011bne\011x%0d, x%0d, 0x%8h", v0000000000f7c300_0, v0000000000f7dd40_0, v0000000000f7c3a0_0, v0000000000f7c440_0, v0000000000f7dac0_0 {0 0 0};
    %jmp T_4.13;
T_4.12 ;
    %load/vec4 v0000000000f7cf80_0;
    %cmpi/e 4, 0, 3;
    %jmp/0xz  T_4.14, 4;
    %delay 1, 0;
    %vpi_call 2 175 "$display", "pc: 0x%8h\011instr: 0x%8h\011blt\011x%0d, x%0d, 0x%8h", v0000000000f7c300_0, v0000000000f7dd40_0, v0000000000f7c3a0_0, v0000000000f7c440_0, v0000000000f7dac0_0 {0 0 0};
    %jmp T_4.15;
T_4.14 ;
    %load/vec4 v0000000000f7cf80_0;
    %cmpi/e 5, 0, 3;
    %jmp/0xz  T_4.16, 4;
    %delay 1, 0;
    %vpi_call 2 178 "$display", "pc: 0x%8h\011instr: 0x%8h\011bge\011x%0d, x%0d, 0x%8h", v0000000000f7c300_0, v0000000000f7dd40_0, v0000000000f7c3a0_0, v0000000000f7c440_0, v0000000000f7dac0_0 {0 0 0};
    %jmp T_4.17;
T_4.16 ;
    %load/vec4 v0000000000f7cf80_0;
    %cmpi/e 6, 0, 3;
    %jmp/0xz  T_4.18, 4;
    %delay 1, 0;
    %vpi_call 2 181 "$display", "pc: 0x%8h\011instr: 0x%8h\011bltu\011x%0d, x%0d, 0x%8h", v0000000000f7c300_0, v0000000000f7dd40_0, v0000000000f7c3a0_0, v0000000000f7c440_0, v0000000000f7dac0_0 {0 0 0};
    %jmp T_4.19;
T_4.18 ;
    %load/vec4 v0000000000f7cf80_0;
    %cmpi/e 7, 0, 3;
    %jmp/0xz  T_4.20, 4;
    %delay 1, 0;
    %vpi_call 2 184 "$display", "pc: 0x%8h\011instr: 0x%8h\011bgeu\011x%0d, x%0d, 0x%8h", v0000000000f7c300_0, v0000000000f7dd40_0, v0000000000f7c3a0_0, v0000000000f7c440_0, v0000000000f7dac0_0 {0 0 0};
    %jmp T_4.21;
T_4.20 ;
    %delay 1, 0;
    %vpi_call 2 187 "$display", "pc: 0x%8h\011instr: 0x%8h\011not instr", v0000000000f7c300_0, v0000000000f7dd40_0 {0 0 0};
T_4.21 ;
T_4.19 ;
T_4.17 ;
T_4.15 ;
T_4.13 ;
T_4.11 ;
    %jmp T_4.9;
T_4.8 ;
    %load/vec4 v0000000000f7cbc0_0;
    %cmpi/e 3, 0, 7;
    %jmp/0xz  T_4.22, 4;
    %load/vec4 v0000000000f7cf80_0;
    %cmpi/e 0, 0, 3;
    %jmp/0xz  T_4.24, 4;
    %delay 1, 0;
    %vpi_call 2 194 "$display", "pc: 0x%8h\011instr: 0x%8h\011lb\011x%0d, %0d(x%0d)", v0000000000f7c300_0, v0000000000f7dd40_0, v0000000000f7c620_0, v0000000000f7bfe0_0, v0000000000f7c3a0_0 {0 0 0};
    %jmp T_4.25;
T_4.24 ;
    %load/vec4 v0000000000f7cf80_0;
    %cmpi/e 1, 0, 3;
    %jmp/0xz  T_4.26, 4;
    %delay 1, 0;
    %vpi_call 2 197 "$display", "pc: 0x%8h\011instr: 0x%8h\011lh\011x%0d, %0d(x%0d)", v0000000000f7c300_0, v0000000000f7dd40_0, v0000000000f7c620_0, v0000000000f7bfe0_0, v0000000000f7c3a0_0 {0 0 0};
    %jmp T_4.27;
T_4.26 ;
    %load/vec4 v0000000000f7cf80_0;
    %cmpi/e 2, 0, 3;
    %jmp/0xz  T_4.28, 4;
    %delay 1, 0;
    %vpi_call 2 200 "$display", "pc: 0x%8h\011instr: 0x%8h\011lw\011x%0d, %0d(x%0d)", v0000000000f7c300_0, v0000000000f7dd40_0, v0000000000f7c620_0, v0000000000f7bfe0_0, v0000000000f7c3a0_0 {0 0 0};
    %jmp T_4.29;
T_4.28 ;
    %load/vec4 v0000000000f7cf80_0;
    %cmpi/e 4, 0, 3;
    %jmp/0xz  T_4.30, 4;
    %delay 1, 0;
    %vpi_call 2 203 "$display", "pc: 0x%8h\011instr: 0x%8h\011lbu\011x%0d, %0d(x%0d)", v0000000000f7c300_0, v0000000000f7dd40_0, v0000000000f7c620_0, v0000000000f7bfe0_0, v0000000000f7c3a0_0 {0 0 0};
    %jmp T_4.31;
T_4.30 ;
    %load/vec4 v0000000000f7cf80_0;
    %cmpi/e 5, 0, 3;
    %jmp/0xz  T_4.32, 4;
    %delay 1, 0;
    %vpi_call 2 206 "$display", "pc: 0x%8h\011instr: 0x%8h\011lhu\011x%0d, %0d(x%0d)", v0000000000f7c300_0, v0000000000f7dd40_0, v0000000000f7c620_0, v0000000000f7bfe0_0, v0000000000f7c3a0_0 {0 0 0};
    %jmp T_4.33;
T_4.32 ;
    %delay 1, 0;
    %vpi_call 2 209 "$display", "pc: 0x%8h\011instr: 0x%8h\011not instr", v0000000000f7c300_0, v0000000000f7dd40_0 {0 0 0};
T_4.33 ;
T_4.31 ;
T_4.29 ;
T_4.27 ;
T_4.25 ;
    %jmp T_4.23;
T_4.22 ;
    %load/vec4 v0000000000f7cbc0_0;
    %cmpi/e 35, 0, 7;
    %jmp/0xz  T_4.34, 4;
    %load/vec4 v0000000000f7cf80_0;
    %cmpi/e 0, 0, 3;
    %jmp/0xz  T_4.36, 4;
    %delay 1, 0;
    %vpi_call 2 216 "$display", "pc: 0x%8h\011instr: 0x%8h\011sb\011x%0d, %0d(x%0d)", v0000000000f7c300_0, v0000000000f7dd40_0, v0000000000f7c440_0, v0000000000f7c120_0, v0000000000f7c3a0_0 {0 0 0};
    %jmp T_4.37;
T_4.36 ;
    %load/vec4 v0000000000f7cf80_0;
    %cmpi/e 1, 0, 3;
    %jmp/0xz  T_4.38, 4;
    %delay 1, 0;
    %vpi_call 2 219 "$display", "pc: 0x%8h\011instr: 0x%8h\011sh\011x%0d, %0d(x%0d)", v0000000000f7c300_0, v0000000000f7dd40_0, v0000000000f7c440_0, v0000000000f7c120_0, v0000000000f7c3a0_0 {0 0 0};
    %jmp T_4.39;
T_4.38 ;
    %load/vec4 v0000000000f7cf80_0;
    %cmpi/e 2, 0, 3;
    %jmp/0xz  T_4.40, 4;
    %delay 1, 0;
    %vpi_call 2 222 "$display", "pc: 0x%8h\011instr: 0x%8h\011sw\011x%0d, %0d(x%0d)", v0000000000f7c300_0, v0000000000f7dd40_0, v0000000000f7c440_0, v0000000000f7c120_0, v0000000000f7c3a0_0 {0 0 0};
    %jmp T_4.41;
T_4.40 ;
    %delay 1, 0;
    %vpi_call 2 225 "$display", "pc: 0x%8h\011instr: 0x%8h\011not instr", v0000000000f7c300_0, v0000000000f7dd40_0 {0 0 0};
T_4.41 ;
T_4.39 ;
T_4.37 ;
    %jmp T_4.35;
T_4.34 ;
    %load/vec4 v0000000000f7cbc0_0;
    %cmpi/e 19, 0, 7;
    %jmp/0xz  T_4.42, 4;
    %load/vec4 v0000000000f7cf80_0;
    %cmpi/e 0, 0, 3;
    %jmp/0xz  T_4.44, 4;
    %delay 1, 0;
    %vpi_call 2 232 "$display", "pc: 0x%8h\011instr: 0x%8h\011addi\011x%0d, x%0d, %0d", v0000000000f7c300_0, v0000000000f7dd40_0, v0000000000f7c620_0, v0000000000f7c3a0_0, v0000000000f7bfe0_0 {0 0 0};
    %jmp T_4.45;
T_4.44 ;
    %load/vec4 v0000000000f7cf80_0;
    %cmpi/e 2, 0, 3;
    %jmp/0xz  T_4.46, 4;
    %delay 1, 0;
    %vpi_call 2 235 "$display", "pc: 0x%8h\011instr: 0x%8h\011slti\011x%0d, x%0d, %0d", v0000000000f7c300_0, v0000000000f7dd40_0, v0000000000f7c620_0, v0000000000f7c3a0_0, v0000000000f7bfe0_0 {0 0 0};
    %jmp T_4.47;
T_4.46 ;
    %load/vec4 v0000000000f7cf80_0;
    %cmpi/e 3, 0, 3;
    %jmp/0xz  T_4.48, 4;
    %delay 1, 0;
    %vpi_call 2 238 "$display", "pc: 0x%8h\011instr: 0x%8h\011sltiu\011x%0d, x%0d, %0d", v0000000000f7c300_0, v0000000000f7dd40_0, v0000000000f7c620_0, v0000000000f7c3a0_0, v0000000000f7bfe0_0 {0 0 0};
    %jmp T_4.49;
T_4.48 ;
    %load/vec4 v0000000000f7cf80_0;
    %cmpi/e 4, 0, 3;
    %jmp/0xz  T_4.50, 4;
    %delay 1, 0;
    %vpi_call 2 241 "$display", "pc: 0x%8h\011instr: 0x%8h\011xori\011x%0d, x%0d, %0d", v0000000000f7c300_0, v0000000000f7dd40_0, v0000000000f7c620_0, v0000000000f7c3a0_0, v0000000000f7bfe0_0 {0 0 0};
    %jmp T_4.51;
T_4.50 ;
    %load/vec4 v0000000000f7cf80_0;
    %cmpi/e 6, 0, 3;
    %jmp/0xz  T_4.52, 4;
    %delay 1, 0;
    %vpi_call 2 244 "$display", "pc: 0x%8h\011instr: 0x%8h\011ori\011x%0d, x%0d, %0d", v0000000000f7c300_0, v0000000000f7dd40_0, v0000000000f7c620_0, v0000000000f7c3a0_0, v0000000000f7bfe0_0 {0 0 0};
    %jmp T_4.53;
T_4.52 ;
    %load/vec4 v0000000000f7cf80_0;
    %cmpi/e 7, 0, 3;
    %jmp/0xz  T_4.54, 4;
    %delay 1, 0;
    %vpi_call 2 247 "$display", "pc: 0x%8h\011instr: 0x%8h\011andi\011x%0d, x%0d, %0d", v0000000000f7c300_0, v0000000000f7dd40_0, v0000000000f7c620_0, v0000000000f7c3a0_0, v0000000000f7bfe0_0 {0 0 0};
    %jmp T_4.55;
T_4.54 ;
    %load/vec4 v0000000000f7cf80_0;
    %pushi/vec4 1, 0, 3;
    %cmp/e;
    %flag_get/vec4 4;
    %load/vec4 v0000000000f7dde0_0;
    %pushi/vec4 0, 0, 7;
    %cmp/e;
    %flag_get/vec4 4;
    %and;
    %flag_set/vec4 8;
    %jmp/0xz  T_4.56, 8;
    %delay 1, 0;
    %vpi_call 2 250 "$display", "pc: 0x%8h\011instr: 0x%8h\011slli\011x%0d, x%0d, 0x%0h", v0000000000f7c300_0, v0000000000f7dd40_0, v0000000000f7c620_0, v0000000000f7c3a0_0, v0000000000f7c580_0 {0 0 0};
    %jmp T_4.57;
T_4.56 ;
    %load/vec4 v0000000000f7cf80_0;
    %pushi/vec4 5, 0, 3;
    %cmp/e;
    %flag_get/vec4 4;
    %load/vec4 v0000000000f7dde0_0;
    %pushi/vec4 0, 0, 7;
    %cmp/e;
    %flag_get/vec4 4;
    %and;
    %flag_set/vec4 8;
    %jmp/0xz  T_4.58, 8;
    %delay 1, 0;
    %vpi_call 2 253 "$display", "pc: 0x%8h\011instr: 0x%8h\011srli\011x%0d, x%0d, 0x%0h", v0000000000f7c300_0, v0000000000f7dd40_0, v0000000000f7c620_0, v0000000000f7c3a0_0, v0000000000f7c580_0 {0 0 0};
    %jmp T_4.59;
T_4.58 ;
    %load/vec4 v0000000000f7cf80_0;
    %pushi/vec4 5, 0, 3;
    %cmp/e;
    %flag_get/vec4 4;
    %load/vec4 v0000000000f7dde0_0;
    %pushi/vec4 32, 0, 7;
    %cmp/e;
    %flag_get/vec4 4;
    %and;
    %flag_set/vec4 8;
    %jmp/0xz  T_4.60, 8;
    %delay 1, 0;
    %vpi_call 2 256 "$display", "pc: 0x%8h\011instr: 0x%8h\011srai\011x%0d, x%0d, 0x%0h", v0000000000f7c300_0, v0000000000f7dd40_0, v0000000000f7c620_0, v0000000000f7c3a0_0, v0000000000f7c580_0 {0 0 0};
    %jmp T_4.61;
T_4.60 ;
    %delay 1, 0;
    %vpi_call 2 259 "$display", "pc: 0x%8h\011instr: 0x%8h\011not instr", v0000000000f7c300_0, v0000000000f7dd40_0 {0 0 0};
T_4.61 ;
T_4.59 ;
T_4.57 ;
T_4.55 ;
T_4.53 ;
T_4.51 ;
T_4.49 ;
T_4.47 ;
T_4.45 ;
    %jmp T_4.43;
T_4.42 ;
    %load/vec4 v0000000000f7cbc0_0;
    %cmpi/e 51, 0, 7;
    %jmp/0xz  T_4.62, 4;
    %load/vec4 v0000000000f7cf80_0;
    %pushi/vec4 0, 0, 3;
    %cmp/e;
    %flag_get/vec4 4;
    %load/vec4 v0000000000f7dde0_0;
    %pushi/vec4 0, 0, 7;
    %cmp/e;
    %flag_get/vec4 4;
    %and;
    %flag_set/vec4 8;
    %jmp/0xz  T_4.64, 8;
    %delay 1, 0;
    %vpi_call 2 266 "$display", "pc: 0x%8h\011instr: 0x%8h\011add\011x%0d, x%0d, x%0d", v0000000000f7c300_0, v0000000000f7dd40_0, v0000000000f7c620_0, v0000000000f7c3a0_0, v0000000000f7c440_0 {0 0 0};
    %jmp T_4.65;
T_4.64 ;
    %load/vec4 v0000000000f7cf80_0;
    %pushi/vec4 0, 0, 3;
    %cmp/e;
    %flag_get/vec4 4;
    %load/vec4 v0000000000f7dde0_0;
    %pushi/vec4 32, 0, 7;
    %cmp/e;
    %flag_get/vec4 4;
    %and;
    %flag_set/vec4 8;
    %jmp/0xz  T_4.66, 8;
    %delay 1, 0;
    %vpi_call 2 269 "$display", "pc: 0x%8h\011instr: 0x%8h\011sub\011x%0d, x%0d, x%0d", v0000000000f7c300_0, v0000000000f7dd40_0, v0000000000f7c620_0, v0000000000f7c3a0_0, v0000000000f7c440_0 {0 0 0};
    %jmp T_4.67;
T_4.66 ;
    %load/vec4 v0000000000f7cf80_0;
    %pushi/vec4 1, 0, 3;
    %cmp/e;
    %flag_get/vec4 4;
    %load/vec4 v0000000000f7dde0_0;
    %pushi/vec4 0, 0, 7;
    %cmp/e;
    %flag_get/vec4 4;
    %and;
    %flag_set/vec4 8;
    %jmp/0xz  T_4.68, 8;
    %delay 1, 0;
    %vpi_call 2 272 "$display", "pc: 0x%8h\011instr: 0x%8h\011sll\011x%0d, x%0d, x%0d", v0000000000f7c300_0, v0000000000f7dd40_0, v0000000000f7c620_0, v0000000000f7c3a0_0, v0000000000f7c440_0 {0 0 0};
    %jmp T_4.69;
T_4.68 ;
    %load/vec4 v0000000000f7cf80_0;
    %pushi/vec4 2, 0, 3;
    %cmp/e;
    %flag_get/vec4 4;
    %load/vec4 v0000000000f7dde0_0;
    %pushi/vec4 0, 0, 7;
    %cmp/e;
    %flag_get/vec4 4;
    %and;
    %flag_set/vec4 8;
    %jmp/0xz  T_4.70, 8;
    %delay 1, 0;
    %vpi_call 2 275 "$display", "pc: 0x%8h\011instr: 0x%8h\011slt\011x%0d, x%0d, x%0d", v0000000000f7c300_0, v0000000000f7dd40_0, v0000000000f7c620_0, v0000000000f7c3a0_0, v0000000000f7c440_0 {0 0 0};
    %jmp T_4.71;
T_4.70 ;
    %load/vec4 v0000000000f7cf80_0;
    %pushi/vec4 3, 0, 3;
    %cmp/e;
    %flag_get/vec4 4;
    %load/vec4 v0000000000f7dde0_0;
    %pushi/vec4 0, 0, 7;
    %cmp/e;
    %flag_get/vec4 4;
    %and;
    %flag_set/vec4 8;
    %jmp/0xz  T_4.72, 8;
    %delay 1, 0;
    %vpi_call 2 278 "$display", "pc: 0x%8h\011instr: 0x%8h\011sltu\011x%0d, x%0d, x%0d", v0000000000f7c300_0, v0000000000f7dd40_0, v0000000000f7c620_0, v0000000000f7c3a0_0, v0000000000f7c440_0 {0 0 0};
    %jmp T_4.73;
T_4.72 ;
    %load/vec4 v0000000000f7cf80_0;
    %pushi/vec4 4, 0, 3;
    %cmp/e;
    %flag_get/vec4 4;
    %load/vec4 v0000000000f7dde0_0;
    %pushi/vec4 0, 0, 7;
    %cmp/e;
    %flag_get/vec4 4;
    %and;
    %flag_set/vec4 8;
    %jmp/0xz  T_4.74, 8;
    %delay 1, 0;
    %vpi_call 2 281 "$display", "pc: 0x%8h\011instr: 0x%8h\011xor\011x%0d, x%0d, x%0d", v0000000000f7c300_0, v0000000000f7dd40_0, v0000000000f7c620_0, v0000000000f7c3a0_0, v0000000000f7c440_0 {0 0 0};
    %jmp T_4.75;
T_4.74 ;
    %load/vec4 v0000000000f7cf80_0;
    %pushi/vec4 5, 0, 3;
    %cmp/e;
    %flag_get/vec4 4;
    %load/vec4 v0000000000f7dde0_0;
    %pushi/vec4 0, 0, 7;
    %cmp/e;
    %flag_get/vec4 4;
    %and;
    %flag_set/vec4 8;
    %jmp/0xz  T_4.76, 8;
    %delay 1, 0;
    %vpi_call 2 284 "$display", "pc: 0x%8h\011instr: 0x%8h\011srl\011x%0d, x%0d, x%0d", v0000000000f7c300_0, v0000000000f7dd40_0, v0000000000f7c620_0, v0000000000f7c3a0_0, v0000000000f7c440_0 {0 0 0};
    %jmp T_4.77;
T_4.76 ;
    %load/vec4 v0000000000f7cf80_0;
    %pushi/vec4 5, 0, 3;
    %cmp/e;
    %flag_get/vec4 4;
    %load/vec4 v0000000000f7dde0_0;
    %pushi/vec4 32, 0, 7;
    %cmp/e;
    %flag_get/vec4 4;
    %and;
    %flag_set/vec4 8;
    %jmp/0xz  T_4.78, 8;
    %delay 1, 0;
    %vpi_call 2 287 "$display", "pc: 0x%8h\011instr: 0x%8h\011sra\011x%0d, x%0d, x%0d", v0000000000f7c300_0, v0000000000f7dd40_0, v0000000000f7c620_0, v0000000000f7c3a0_0, v0000000000f7c440_0 {0 0 0};
    %jmp T_4.79;
T_4.78 ;
    %load/vec4 v0000000000f7cf80_0;
    %pushi/vec4 6, 0, 3;
    %cmp/e;
    %flag_get/vec4 4;
    %load/vec4 v0000000000f7dde0_0;
    %pushi/vec4 0, 0, 7;
    %cmp/e;
    %flag_get/vec4 4;
    %and;
    %flag_set/vec4 8;
    %jmp/0xz  T_4.80, 8;
    %delay 1, 0;
    %vpi_call 2 290 "$display", "pc: 0x%8h\011instr: 0x%8h\011or\011x%0d, x%0d, x%0d", v0000000000f7c300_0, v0000000000f7dd40_0, v0000000000f7c620_0, v0000000000f7c3a0_0, v0000000000f7c440_0 {0 0 0};
    %jmp T_4.81;
T_4.80 ;
    %load/vec4 v0000000000f7cf80_0;
    %pushi/vec4 7, 0, 3;
    %cmp/e;
    %flag_get/vec4 4;
    %load/vec4 v0000000000f7dde0_0;
    %pushi/vec4 0, 0, 7;
    %cmp/e;
    %flag_get/vec4 4;
    %and;
    %flag_set/vec4 8;
    %jmp/0xz  T_4.82, 8;
    %delay 1, 0;
    %vpi_call 2 293 "$display", "pc: 0x%8h\011instr: 0x%8h\011and\011x%0d, x%0d, x%0d", v0000000000f7c300_0, v0000000000f7dd40_0, v0000000000f7c620_0, v0000000000f7c3a0_0, v0000000000f7c440_0 {0 0 0};
    %jmp T_4.83;
T_4.82 ;
    %delay 1, 0;
    %vpi_call 2 296 "$display", "pc: 0x%8h\011instr: 0x%8h\011not instr", v0000000000f7c300_0, v0000000000f7dd40_0 {0 0 0};
T_4.83 ;
T_4.81 ;
T_4.79 ;
T_4.77 ;
T_4.75 ;
T_4.73 ;
T_4.71 ;
T_4.69 ;
T_4.67 ;
T_4.65 ;
    %jmp T_4.63;
T_4.62 ;
    %load/vec4 v0000000000f7dd40_0;
    %cmpi/e 115, 0, 32;
    %jmp/0xz  T_4.84, 4;
    %delay 1, 0;
    %vpi_call 2 302 "$display", "pc: 0x%8h\011instr: 0x%8h\011ecall", v0000000000f7c300_0, v0000000000f7dd40_0, " " {0 0 0};
    %jmp T_4.85;
T_4.84 ;
    %delay 1, 0;
    %vpi_call 2 308 "$display", "pc: 0x%8h\011instr: 0x%8h\011not instr", v0000000000f7c300_0, v0000000000f7dd40_0 {0 0 0};
T_4.85 ;
T_4.63 ;
T_4.43 ;
T_4.35 ;
T_4.23 ;
T_4.9 ;
T_4.7 ;
T_4.5 ;
T_4.3 ;
T_4.1 ;
    %jmp T_4;
    .thread T_4, $push;
    .scope S_0000000000f803c0;
T_5 ;
    %pushi/vec4 0, 0, 1;
    %store/vec4 v0000000000ff7f70_0, 0, 1;
    %end;
    .thread T_5;
    .scope S_0000000000f803c0;
T_6 ;
    %vpi_call 2 324 "$dumpvars", 32'sb00000000000000000000000000000000, S_0000000000f4eaf0 {0 0 0};
    %vpi_call 2 325 "$dumpvars", 32'sb00000000000000000000000000000000, S_0000000000f4a8e0 {0 0 0};
    %delay 5, 0;
    %pushi/vec4 16777216, 0, 32;
    %store/vec4 v0000000000ff7bb0_0, 0, 32;
    %delay 1560, 0;
    %vpi_call 2 330 "$finish" {0 0 0};
    %end;
    .thread T_6;
    .scope S_0000000000f803c0;
T_7 ;
    %wait E_0000000000f9b4c0;
    %load/vec4 v0000000000ff81f0_0;
    %store/vec4 v0000000000ff7bb0_0, 0, 32;
    %jmp T_7;
    .thread T_7;
    .scope S_0000000000f803c0;
T_8 ;
    %delay 10, 0;
    %load/vec4 v0000000000ff7f70_0;
    %inv;
    %store/vec4 v0000000000ff7f70_0, 0, 1;
    %jmp T_8;
    .thread T_8;
# The file index is used to find the file name in the following table.
:file_names 3;
    "N/A";
    "<interactive>";
    "fetch-decode.v";
